<?xml version="1.0" encoding="UTF-8"?>
<testng-results ignored="0" total="1" passed="1" failed="0" skipped="0">
  <reporter-output>
  </reporter-output>
  <suite started-at="2022-08-29T19:57:30 MSK" name="Command line suite" finished-at="2022-08-29T19:58:25 MSK" duration-ms="55568">
    <groups>
    </groups>
    <test started-at="2022-08-29T19:57:30 MSK" name="Command line test" finished-at="2022-08-29T19:58:25 MSK" duration-ms="55568">
      <class name="tests.search_computer.SearchComputerTest">
        <test-method signature="checkLenovoFilter()[pri:0, instance:tests.search_computer.SearchComputerTest@3028e50e]" started-at="2022-08-29T19:57:30 MSK" name="checkLenovoFilter" finished-at="2022-08-29T19:58:25 MSK" duration-ms="55478" status="PASS">
          <reporter-output>
          </reporter-output>
        </test-method> <!-- checkLenovoFilter -->
      </class> <!-- tests.search_computer.SearchComputerTest -->
    </test> <!-- Command line test -->
  </suite> <!-- Command line suite -->
</testng-results>
